<?xml version="1.0" encoding="UTF-8"?>
<coverage generated="1733730205565" clover="3.2.0">
  <project timestamp="1733730205565" name="All files">
    <metrics statements="49" coveredstatements="42" conditionals="21" coveredconditionals="18" methods="24" coveredmethods="18" elements="94" coveredelements="78" complexity="0" loc="49" ncloc="49" packages="3" files="4" classes="4"/>
    <package name="lib">
      <metrics statements="43" coveredstatements="36" conditionals="21" coveredconditionals="18" methods="22" coveredmethods="16"/>
      <file name="DataReflector.ts" path="/Users/h3llf1r3/Programming/clean-architecture/src/lib/DataReflector.ts">
        <metrics statements="23" coveredstatements="22" conditionals="18" coveredconditionals="17" methods="4" coveredmethods="4"/>
        <line num="1" count="1" type="stmt"/>
        <line num="35" count="20028" type="stmt"/>
        <line num="36" count="20028" type="stmt"/>
        <line num="37" count="20165" type="cond" truecount="3" falsecount="0"/>
        <line num="38" count="130" type="cond" truecount="1" falsecount="0"/>
        <line num="39" count="129" type="stmt"/>
        <line num="40" count="129" type="stmt"/>
        <line num="42" count="20035" type="stmt"/>
        <line num="44" count="20028" type="stmt"/>
        <line num="47" count="1" type="stmt"/>
        <line num="48" count="16" type="stmt"/>
        <line num="50" count="45" type="cond" truecount="1" falsecount="0"/>
        <line num="51" count="10" type="stmt"/>
        <line num="59" count="35" type="cond" truecount="5" falsecount="0"/>
        <line num="60" count="10" type="stmt"/>
        <line num="62" count="10" type="cond" truecount="3" falsecount="1"/>
        <line num="63" count="0" type="stmt"/>
        <line num="66" count="10" type="stmt"/>
        <line num="73" count="25" type="stmt"/>
        <line num="75" count="25" type="cond" truecount="4" falsecount="0"/>
        <line num="76" count="1" type="stmt"/>
        <line num="79" count="24" type="stmt"/>
        <line num="86" count="1" type="stmt"/>
      </file>
      <file name="HttpClient.ts" path="/Users/h3llf1r3/Programming/clean-architecture/src/lib/HttpClient.ts">
        <metrics statements="20" coveredstatements="14" conditionals="3" coveredconditionals="1" methods="18" coveredmethods="12"/>
        <line num="1" count="1" type="stmt"/>
        <line num="4" count="1" type="stmt"/>
        <line num="8" count="1" type="stmt"/>
        <line num="9" count="1" type="stmt"/>
        <line num="10" count="1" type="stmt"/>
        <line num="12" count="1" type="cond" truecount="1" falsecount="1"/>
        <line num="13" count="1" type="cond" truecount="0" falsecount="1"/>
        <line num="17" count="6" type="stmt"/>
        <line num="18" count="0" type="stmt"/>
        <line num="20" count="6" type="stmt"/>
        <line num="24" count="2" type="stmt"/>
        <line num="27" count="0" type="stmt"/>
        <line num="30" count="1" type="stmt"/>
        <line num="33" count="0" type="stmt"/>
        <line num="36" count="1" type="stmt"/>
        <line num="39" count="0" type="stmt"/>
        <line num="42" count="1" type="stmt"/>
        <line num="45" count="0" type="stmt"/>
        <line num="48" count="1" type="stmt"/>
        <line num="51" count="0" type="stmt"/>
      </file>
    </package>
    <package name="lib.interfaces.tests">
      <metrics statements="1" coveredstatements="1" conditionals="0" coveredconditionals="0" methods="0" coveredmethods="0"/>
      <file name="DataMirror.ts" path="/Users/h3llf1r3/Programming/clean-architecture/src/lib/interfaces/tests/DataMirror.ts">
        <metrics statements="1" coveredstatements="1" conditionals="0" coveredconditionals="0" methods="0" coveredmethods="0"/>
        <line num="1" count="1" type="stmt"/>
      </file>
    </package>
    <package name="mock">
      <metrics statements="5" coveredstatements="5" conditionals="0" coveredconditionals="0" methods="2" coveredmethods="2"/>
      <file name="User.ts" path="/Users/h3llf1r3/Programming/clean-architecture/src/mock/User.ts">
        <metrics statements="5" coveredstatements="5" conditionals="0" coveredconditionals="0" methods="2" coveredmethods="2"/>
        <line num="3" count="1" type="stmt"/>
        <line num="4" count="1" type="stmt"/>
        <line num="5" count="100" type="stmt"/>
        <line num="6" count="100" type="stmt"/>
        <line num="12" count="1" type="stmt"/>
      </file>
    </package>
  </project>
</coverage>
