<?xml version="1.0" encoding="UTF-8"?>
<coverage generated="1733594764505" clover="3.2.0">
  <project timestamp="1733594764505" name="All files">
    <metrics statements="46" coveredstatements="39" conditionals="19" coveredconditionals="17" methods="22" coveredmethods="15" elements="87" coveredelements="71" complexity="0" loc="46" ncloc="46" packages="3" files="4" classes="4"/>
    <package name="lib">
      <metrics statements="40" coveredstatements="33" conditionals="19" coveredconditionals="17" methods="20" coveredmethods="13"/>
      <file name="DataMirror.ts" path="/Users/denisbruns/Programming/clean-architecture/src/lib/DataMirror.ts">
        <metrics statements="23" coveredstatements="22" conditionals="18" coveredconditionals="17" methods="4" coveredmethods="4"/>
        <line num="1" count="1" type="stmt"/>
        <line num="42" count="20028" type="stmt"/>
        <line num="43" count="20028" type="stmt"/>
        <line num="44" count="20176" type="cond" truecount="3" falsecount="0"/>
        <line num="45" count="135" type="cond" truecount="1" falsecount="0"/>
        <line num="46" count="134" type="stmt"/>
        <line num="47" count="134" type="stmt"/>
        <line num="49" count="20041" type="stmt"/>
        <line num="51" count="20028" type="stmt"/>
        <line num="54" count="1" type="stmt"/>
        <line num="55" count="16" type="stmt"/>
        <line num="57" count="45" type="cond" truecount="1" falsecount="0"/>
        <line num="58" count="10" type="stmt"/>
        <line num="66" count="35" type="cond" truecount="5" falsecount="0"/>
        <line num="67" count="11" type="stmt"/>
        <line num="69" count="11" type="cond" truecount="3" falsecount="1"/>
        <line num="70" count="0" type="stmt"/>
        <line num="73" count="11" type="stmt"/>
        <line num="80" count="24" type="stmt"/>
        <line num="82" count="24" type="cond" truecount="4" falsecount="0"/>
        <line num="83" count="1" type="stmt"/>
        <line num="86" count="23" type="stmt"/>
        <line num="93" count="1" type="stmt"/>
      </file>
      <file name="HttpClient.ts" path="/Users/denisbruns/Programming/clean-architecture/src/lib/HttpClient.ts">
        <metrics statements="17" coveredstatements="11" conditionals="1" coveredconditionals="0" methods="16" coveredmethods="9"/>
        <line num="1" count="1" type="stmt"/>
        <line num="4" count="1" type="stmt"/>
        <line num="6" count="1" type="stmt"/>
        <line num="7" count="1" type="stmt"/>
        <line num="8" count="1" type="stmt"/>
        <line num="10" count="1" type="stmt"/>
        <line num="11" count="1" type="cond" truecount="0" falsecount="1"/>
        <line num="15" count="2" type="stmt"/>
        <line num="18" count="0" type="stmt"/>
        <line num="21" count="1" type="stmt"/>
        <line num="24" count="0" type="stmt"/>
        <line num="27" count="1" type="stmt"/>
        <line num="30" count="0" type="stmt"/>
        <line num="33" count="0" type="stmt"/>
        <line num="36" count="0" type="stmt"/>
        <line num="39" count="1" type="stmt"/>
        <line num="42" count="0" type="stmt"/>
      </file>
    </package>
    <package name="lib.interfaces.tests">
      <metrics statements="1" coveredstatements="1" conditionals="0" coveredconditionals="0" methods="0" coveredmethods="0"/>
      <file name="DataMirror.ts" path="/Users/denisbruns/Programming/clean-architecture/src/lib/interfaces/tests/DataMirror.ts">
        <metrics statements="1" coveredstatements="1" conditionals="0" coveredconditionals="0" methods="0" coveredmethods="0"/>
        <line num="1" count="1" type="stmt"/>
      </file>
    </package>
    <package name="mock">
      <metrics statements="5" coveredstatements="5" conditionals="0" coveredconditionals="0" methods="2" coveredmethods="2"/>
      <file name="User.ts" path="/Users/denisbruns/Programming/clean-architecture/src/mock/User.ts">
        <metrics statements="5" coveredstatements="5" conditionals="0" coveredconditionals="0" methods="2" coveredmethods="2"/>
        <line num="3" count="1" type="stmt"/>
        <line num="4" count="1" type="stmt"/>
        <line num="5" count="100" type="stmt"/>
        <line num="6" count="100" type="stmt"/>
        <line num="12" count="1" type="stmt"/>
      </file>
    </package>
  </project>
</coverage>
