{"/Users/denisbruns/Programming/clean-architecture/src/lib/DataMirror.ts": {"path":"/Users/denisbruns/Programming/clean-architecture/src/lib/DataMirror.ts","statementMap":{"0":{"start":{"line":54,"column":0},"end":{"line":54,"column":16}},"1":{"start":{"line":1,"column":0},"end":{"line":1,"column":7}},"2":{"start":{"line":93,"column":10},"end":{"line":1,"column":32}},"3":{"start":{"line":42,"column":17},"end":{"line":42,"column":30}},"4":{"start":{"line":43,"column":19},"end":{"line":50,"column":5}},"5":{"start":{"line":44,"column":8},"end":{"line":48,"column":9}},"6":{"start":{"line":45,"column":12},"end":{"line":45,"column":43}},"7":{"start":{"line":45,"column":31},"end":{"line":45,"column":43}},"8":{"start":{"line":46,"column":12},"end":{"line":46,"column":26}},"9":{"start":{"line":47,"column":12},"end":{"line":47,"column":51}},"10":{"start":{"line":49,"column":8},"end":{"line":49,"column":21}},"11":{"start":{"line":51,"column":4},"end":{"line":51,"column":23}},"12":{"start":{"line":55,"column":4},"end":{"line":90,"column":21}},"13":{"start":{"line":57,"column":8},"end":{"line":62,"column":9}},"14":{"start":{"line":58,"column":12},"end":{"line":61,"column":14}},"15":{"start":{"line":66,"column":8},"end":{"line":77,"column":9}},"16":{"start":{"line":67,"column":26},"end":{"line":67,"column":58}},"17":{"start":{"line":69,"column":12},"end":{"line":71,"column":13}},"18":{"start":{"line":70,"column":16},"end":{"line":70,"column":69}},"19":{"start":{"line":73,"column":12},"end":{"line":76,"column":14}},"20":{"start":{"line":80,"column":22},"end":{"line":80,"column":64}},"21":{"start":{"line":82,"column":8},"end":{"line":84,"column":9}},"22":{"start":{"line":83,"column":12},"end":{"line":83,"column":65}},"23":{"start":{"line":86,"column":8},"end":{"line":89,"column":10}}},"fnMap":{"0":{"name":"hasCircular","decl":{"start":{"line":41,"column":10},"end":{"line":41,"column":21}},"loc":{"start":{"line":41,"column":30},"end":{"line":52,"column":1}}},"1":{"name":"(anonymous_2)","decl":{"start":{"line":43,"column":19},"end":{"line":43,"column":20}},"loc":{"start":{"line":43,"column":41},"end":{"line":50,"column":5}}},"2":{"name":"reflect","decl":{"start":{"line":54,"column":16},"end":{"line":54,"column":23}},"loc":{"start":{"line":54,"column":87},"end":{"line":91,"column":2}}},"3":{"name":"(anonymous_4)","decl":{"start":{"line":55,"column":42},"end":{"line":55,"column":43}},"loc":{"start":{"line":55,"column":71},"end":{"line":90,"column":5}}}},"branchMap":{"0":{"loc":{"start":{"line":44,"column":8},"end":{"line":48,"column":9}},"type":"if","locations":[{"start":{"line":44,"column":8},"end":{"line":48,"column":9}}]},"1":{"loc":{"start":{"line":44,"column":12},"end":{"line":44,"column":42}},"type":"binary-expr","locations":[{"start":{"line":44,"column":12},"end":{"line":44,"column":15}},{"start":{"line":44,"column":19},"end":{"line":44,"column":42}}]},"2":{"loc":{"start":{"line":45,"column":12},"end":{"line":45,"column":43}},"type":"if","locations":[{"start":{"line":45,"column":12},"end":{"line":45,"column":43}}]},"3":{"loc":{"start":{"line":57,"column":8},"end":{"line":62,"column":9}},"type":"if","locations":[{"start":{"line":57,"column":8},"end":{"line":62,"column":9}}]},"4":{"loc":{"start":{"line":66,"column":8},"end":{"line":77,"column":9}},"type":"if","locations":[{"start":{"line":66,"column":8},"end":{"line":77,"column":9}}]},"5":{"loc":{"start":{"line":66,"column":12},"end":{"line":66,"column":126}},"type":"binary-expr","locations":[{"start":{"line":66,"column":12},"end":{"line":66,"column":41}},{"start":{"line":66,"column":45},"end":{"line":66,"column":69}},{"start":{"line":66,"column":73},"end":{"line":66,"column":97}},{"start":{"line":66,"column":101},"end":{"line":66,"column":126}}]},"6":{"loc":{"start":{"line":69,"column":12},"end":{"line":71,"column":13}},"type":"if","locations":[{"start":{"line":69,"column":12},"end":{"line":71,"column":13}}]},"7":{"loc":{"start":{"line":69,"column":16},"end":{"line":69,"column":72}},"type":"binary-expr","locations":[{"start":{"line":69,"column":16},"end":{"line":69,"column":21}},{"start":{"line":69,"column":25},"end":{"line":69,"column":50}},{"start":{"line":69,"column":54},"end":{"line":69,"column":72}}]},"8":{"loc":{"start":{"line":82,"column":8},"end":{"line":84,"column":9}},"type":"if","locations":[{"start":{"line":82,"column":8},"end":{"line":84,"column":9}}]},"9":{"loc":{"start":{"line":82,"column":12},"end":{"line":82,"column":68}},"type":"binary-expr","locations":[{"start":{"line":82,"column":12},"end":{"line":82,"column":17}},{"start":{"line":82,"column":21},"end":{"line":82,"column":41}},{"start":{"line":82,"column":45},"end":{"line":82,"column":68}}]}},"s":{"0":1,"1":1,"2":1,"3":20028,"4":20028,"5":20176,"6":135,"7":1,"8":134,"9":134,"10":20041,"11":20028,"12":16,"13":45,"14":10,"15":35,"16":11,"17":11,"18":0,"19":11,"20":24,"21":24,"22":1,"23":23},"f":{"0":20028,"1":20176,"2":16,"3":45},"b":{"0":[135],"1":[20176,20175],"2":[1],"3":[10],"4":[11],"5":[35,35,18,12],"6":[0],"7":[11,10,2],"8":[1],"9":[24,24,24]}}
,"/Users/denisbruns/Programming/clean-architecture/src/lib/HttpClient.ts": {"path":"/Users/denisbruns/Programming/clean-architecture/src/lib/HttpClient.ts","statementMap":{"0":{"start":{"line":1,"column":0},"end":{"line":1,"column":40}},"1":{"start":{"line":4,"column":0},"end":{"line":4,"column":25}},"2":{"start":{"line":7,"column":21},"end":{"line":7,"column":23}},"3":{"start":{"line":8,"column":25},"end":{"line":8,"column":30}},"4":{"start":{"line":10,"column":24},"end":{"line":10,"column":41}},"5":{"start":{"line":11,"column":8},"end":{"line":11,"column":null}},"6":{"start":{"line":11,"column":21},"end":{"line":11,"column":null}},"7":{"start":{"line":15,"column":8},"end":{"line":15,"column":null}},"8":{"start":{"line":15,"column":90},"end":{"line":15,"column":99}},"9":{"start":{"line":18,"column":8},"end":{"line":18,"column":null}},"10":{"start":{"line":21,"column":8},"end":{"line":21,"column":null}},"11":{"start":{"line":21,"column":97},"end":{"line":21,"column":106}},"12":{"start":{"line":24,"column":8},"end":{"line":24,"column":null}},"13":{"start":{"line":27,"column":8},"end":{"line":27,"column":null}},"14":{"start":{"line":27,"column":96},"end":{"line":27,"column":105}},"15":{"start":{"line":30,"column":8},"end":{"line":30,"column":null}},"16":{"start":{"line":33,"column":8},"end":{"line":33,"column":null}},"17":{"start":{"line":33,"column":98},"end":{"line":33,"column":107}},"18":{"start":{"line":36,"column":8},"end":{"line":36,"column":null}},"19":{"start":{"line":39,"column":8},"end":{"line":39,"column":null}},"20":{"start":{"line":39,"column":93},"end":{"line":39,"column":102}},"21":{"start":{"line":42,"column":8},"end":{"line":42,"column":null}},"22":{"start":{"line":6,"column":0},"end":{"line":6,"column":13}}},"fnMap":{"0":{"name":"(anonymous_1)","decl":{"start":{"line":10,"column":4},"end":{"line":10,"column":24}},"loc":{"start":{"line":10,"column":41},"end":{"line":12,"column":5}}},"1":{"name":"(anonymous_2)","decl":{"start":{"line":14,"column":4},"end":{"line":14,"column":7}},"loc":{"start":{"line":14,"column":56},"end":{"line":16,"column":5}}},"2":{"name":"(anonymous_3)","decl":{"start":{"line":15,"column":80},"end":{"line":15,"column":81}},"loc":{"start":{"line":15,"column":90},"end":{"line":15,"column":99}}},"3":{"name":"(anonymous_4)","decl":{"start":{"line":17,"column":4},"end":{"line":17,"column":11}},"loc":{"start":{"line":17,"column":60},"end":{"line":19,"column":5}}},"4":{"name":"(anonymous_5)","decl":{"start":{"line":20,"column":4},"end":{"line":20,"column":8}},"loc":{"start":{"line":20,"column":85},"end":{"line":22,"column":5}}},"5":{"name":"(anonymous_6)","decl":{"start":{"line":21,"column":87},"end":{"line":21,"column":88}},"loc":{"start":{"line":21,"column":97},"end":{"line":21,"column":106}}},"6":{"name":"(anonymous_7)","decl":{"start":{"line":23,"column":4},"end":{"line":23,"column":12}},"loc":{"start":{"line":23,"column":89},"end":{"line":25,"column":5}}},"7":{"name":"(anonymous_8)","decl":{"start":{"line":26,"column":4},"end":{"line":26,"column":7}},"loc":{"start":{"line":26,"column":84},"end":{"line":28,"column":5}}},"8":{"name":"(anonymous_9)","decl":{"start":{"line":27,"column":86},"end":{"line":27,"column":87}},"loc":{"start":{"line":27,"column":96},"end":{"line":27,"column":105}}},"9":{"name":"(anonymous_10)","decl":{"start":{"line":29,"column":4},"end":{"line":29,"column":11}},"loc":{"start":{"line":29,"column":88},"end":{"line":31,"column":5}}},"10":{"name":"(anonymous_11)","decl":{"start":{"line":32,"column":4},"end":{"line":32,"column":9}},"loc":{"start":{"line":32,"column":87},"end":{"line":34,"column":5}}},"11":{"name":"(anonymous_12)","decl":{"start":{"line":33,"column":88},"end":{"line":33,"column":89}},"loc":{"start":{"line":33,"column":98},"end":{"line":33,"column":107}}},"12":{"name":"(anonymous_13)","decl":{"start":{"line":35,"column":4},"end":{"line":35,"column":13}},"loc":{"start":{"line":35,"column":91},"end":{"line":37,"column":5}}},"13":{"name":"(anonymous_14)","decl":{"start":{"line":38,"column":4},"end":{"line":38,"column":10}},"loc":{"start":{"line":38,"column":59},"end":{"line":40,"column":5}}},"14":{"name":"(anonymous_15)","decl":{"start":{"line":39,"column":83},"end":{"line":39,"column":84}},"loc":{"start":{"line":39,"column":93},"end":{"line":39,"column":102}}},"15":{"name":"(anonymous_16)","decl":{"start":{"line":41,"column":4},"end":{"line":41,"column":14}},"loc":{"start":{"line":41,"column":63},"end":{"line":43,"column":5}}}},"branchMap":{"0":{"loc":{"start":{"line":11,"column":8},"end":{"line":11,"column":null}},"type":"if","locations":[{"start":{"line":11,"column":8},"end":{"line":11,"column":null}}]}},"s":{"0":1,"1":1,"2":1,"3":1,"4":1,"5":1,"6":0,"7":2,"8":2,"9":0,"10":1,"11":1,"12":0,"13":1,"14":1,"15":0,"16":0,"17":0,"18":0,"19":1,"20":1,"21":0,"22":1},"f":{"0":1,"1":2,"2":2,"3":0,"4":1,"5":1,"6":0,"7":1,"8":1,"9":0,"10":0,"11":0,"12":0,"13":1,"14":1,"15":0},"b":{"0":[0]}}
,"/Users/denisbruns/Programming/clean-architecture/src/lib/interfaces/tests/DataMirror.ts": {"path":"/Users/denisbruns/Programming/clean-architecture/src/lib/interfaces/tests/DataMirror.ts","statementMap":{"0":{"start":{"line":1,"column":13},"end":{"line":21,"column":null}}},"fnMap":{},"branchMap":{},"s":{"0":1},"f":{},"b":{}}
,"/Users/denisbruns/Programming/clean-architecture/src/mock/User.ts": {"path":"/Users/denisbruns/Programming/clean-architecture/src/mock/User.ts","statementMap":{"0":{"start":{"line":3,"column":25},"end":{"line":10,"column":3}},"1":{"start":{"line":4,"column":4},"end":{"line":10,"column":3}},"2":{"start":{"line":5,"column":15},"end":{"line":5,"column":24}},"3":{"start":{"line":6,"column":4},"end":{"line":9,"column":null}},"4":{"start":{"line":3,"column":13},"end":{"line":3,"column":25}},"5":{"start":{"line":12,"column":13},"end":{"line":15,"column":null}}},"fnMap":{"0":{"name":"(anonymous_0)","decl":{"start":{"line":3,"column":25},"end":{"line":3,"column":26}},"loc":{"start":{"line":3,"column":54},"end":{"line":10,"column":3}}},"1":{"name":"(anonymous_1)","decl":{"start":{"line":4,"column":50},"end":{"line":4,"column":51}},"loc":{"start":{"line":4,"column":69},"end":{"line":10,"column":1}}}},"branchMap":{},"s":{"0":1,"1":1,"2":100,"3":100,"4":1,"5":1},"f":{"0":1,"1":100},"b":{}}
}
