{"/Users/h3llf1r3/Programming/clean-architecture/src/lib/DataMirror.ts": {"path":"/Users/h3llf1r3/Programming/clean-architecture/src/lib/DataMirror.ts","statementMap":{"0":{"start":{"line":47,"column":0},"end":{"line":47,"column":16}},"1":{"start":{"line":1,"column":0},"end":{"line":1,"column":7}},"2":{"start":{"line":86,"column":10},"end":{"line":1,"column":32}},"3":{"start":{"line":35,"column":17},"end":{"line":35,"column":30}},"4":{"start":{"line":36,"column":19},"end":{"line":43,"column":5}},"5":{"start":{"line":37,"column":8},"end":{"line":41,"column":9}},"6":{"start":{"line":38,"column":12},"end":{"line":38,"column":43}},"7":{"start":{"line":38,"column":31},"end":{"line":38,"column":43}},"8":{"start":{"line":39,"column":12},"end":{"line":39,"column":26}},"9":{"start":{"line":40,"column":12},"end":{"line":40,"column":51}},"10":{"start":{"line":42,"column":8},"end":{"line":42,"column":21}},"11":{"start":{"line":44,"column":4},"end":{"line":44,"column":23}},"12":{"start":{"line":48,"column":4},"end":{"line":83,"column":21}},"13":{"start":{"line":50,"column":8},"end":{"line":55,"column":9}},"14":{"start":{"line":51,"column":12},"end":{"line":54,"column":14}},"15":{"start":{"line":59,"column":8},"end":{"line":70,"column":9}},"16":{"start":{"line":60,"column":26},"end":{"line":60,"column":58}},"17":{"start":{"line":62,"column":12},"end":{"line":64,"column":13}},"18":{"start":{"line":63,"column":16},"end":{"line":63,"column":69}},"19":{"start":{"line":66,"column":12},"end":{"line":69,"column":14}},"20":{"start":{"line":73,"column":22},"end":{"line":73,"column":64}},"21":{"start":{"line":75,"column":8},"end":{"line":77,"column":9}},"22":{"start":{"line":76,"column":12},"end":{"line":76,"column":65}},"23":{"start":{"line":79,"column":8},"end":{"line":82,"column":10}}},"fnMap":{"0":{"name":"hasCircular","decl":{"start":{"line":34,"column":10},"end":{"line":34,"column":21}},"loc":{"start":{"line":34,"column":30},"end":{"line":45,"column":1}}},"1":{"name":"(anonymous_2)","decl":{"start":{"line":36,"column":19},"end":{"line":36,"column":20}},"loc":{"start":{"line":36,"column":41},"end":{"line":43,"column":5}}},"2":{"name":"reflect","decl":{"start":{"line":47,"column":16},"end":{"line":47,"column":23}},"loc":{"start":{"line":47,"column":87},"end":{"line":84,"column":2}}},"3":{"name":"(anonymous_4)","decl":{"start":{"line":48,"column":42},"end":{"line":48,"column":43}},"loc":{"start":{"line":48,"column":71},"end":{"line":83,"column":5}}}},"branchMap":{"0":{"loc":{"start":{"line":37,"column":8},"end":{"line":41,"column":9}},"type":"if","locations":[{"start":{"line":37,"column":8},"end":{"line":41,"column":9}}]},"1":{"loc":{"start":{"line":37,"column":12},"end":{"line":37,"column":42}},"type":"binary-expr","locations":[{"start":{"line":37,"column":12},"end":{"line":37,"column":15}},{"start":{"line":37,"column":19},"end":{"line":37,"column":42}}]},"2":{"loc":{"start":{"line":38,"column":12},"end":{"line":38,"column":43}},"type":"if","locations":[{"start":{"line":38,"column":12},"end":{"line":38,"column":43}}]},"3":{"loc":{"start":{"line":50,"column":8},"end":{"line":55,"column":9}},"type":"if","locations":[{"start":{"line":50,"column":8},"end":{"line":55,"column":9}}]},"4":{"loc":{"start":{"line":59,"column":8},"end":{"line":70,"column":9}},"type":"if","locations":[{"start":{"line":59,"column":8},"end":{"line":70,"column":9}}]},"5":{"loc":{"start":{"line":59,"column":12},"end":{"line":59,"column":126}},"type":"binary-expr","locations":[{"start":{"line":59,"column":12},"end":{"line":59,"column":41}},{"start":{"line":59,"column":45},"end":{"line":59,"column":69}},{"start":{"line":59,"column":73},"end":{"line":59,"column":97}},{"start":{"line":59,"column":101},"end":{"line":59,"column":126}}]},"6":{"loc":{"start":{"line":62,"column":12},"end":{"line":64,"column":13}},"type":"if","locations":[{"start":{"line":62,"column":12},"end":{"line":64,"column":13}}]},"7":{"loc":{"start":{"line":62,"column":16},"end":{"line":62,"column":72}},"type":"binary-expr","locations":[{"start":{"line":62,"column":16},"end":{"line":62,"column":21}},{"start":{"line":62,"column":25},"end":{"line":62,"column":50}},{"start":{"line":62,"column":54},"end":{"line":62,"column":72}}]},"8":{"loc":{"start":{"line":75,"column":8},"end":{"line":77,"column":9}},"type":"if","locations":[{"start":{"line":75,"column":8},"end":{"line":77,"column":9}}]},"9":{"loc":{"start":{"line":75,"column":12},"end":{"line":75,"column":68}},"type":"binary-expr","locations":[{"start":{"line":75,"column":12},"end":{"line":75,"column":17}},{"start":{"line":75,"column":21},"end":{"line":75,"column":41}},{"start":{"line":75,"column":45},"end":{"line":75,"column":68}}]}},"s":{"0":1,"1":1,"2":1,"3":20028,"4":20028,"5":20165,"6":130,"7":1,"8":129,"9":129,"10":20035,"11":20028,"12":16,"13":45,"14":10,"15":35,"16":10,"17":10,"18":0,"19":10,"20":25,"21":25,"22":1,"23":24},"f":{"0":20028,"1":20165,"2":16,"3":45},"b":{"0":[130],"1":[20165,20165],"2":[1],"3":[10],"4":[10],"5":[35,35,17,11],"6":[0],"7":[10,9,1],"8":[1],"9":[25,25,25]}}
,"/Users/h3llf1r3/Programming/clean-architecture/src/lib/HttpClient.ts": {"path":"/Users/h3llf1r3/Programming/clean-architecture/src/lib/HttpClient.ts","statementMap":{"0":{"start":{"line":1,"column":0},"end":{"line":1,"column":40}},"1":{"start":{"line":4,"column":0},"end":{"line":4,"column":25}},"2":{"start":{"line":9,"column":21},"end":{"line":9,"column":23}},"3":{"start":{"line":10,"column":25},"end":{"line":10,"column":30}},"4":{"start":{"line":12,"column":24},"end":{"line":12,"column":43}},"5":{"start":{"line":12,"column":55},"end":{"line":12,"column":92}},"6":{"start":{"line":13,"column":8},"end":{"line":13,"column":null}},"7":{"start":{"line":13,"column":21},"end":{"line":13,"column":null}},"8":{"start":{"line":17,"column":8},"end":{"line":19,"column":null}},"9":{"start":{"line":18,"column":12},"end":{"line":18,"column":24}},"10":{"start":{"line":20,"column":8},"end":{"line":20,"column":null}},"11":{"start":{"line":24,"column":8},"end":{"line":24,"column":null}},"12":{"start":{"line":24,"column":110},"end":{"line":24,"column":119}},"13":{"start":{"line":27,"column":8},"end":{"line":27,"column":null}},"14":{"start":{"line":30,"column":8},"end":{"line":30,"column":null}},"15":{"start":{"line":30,"column":117},"end":{"line":30,"column":126}},"16":{"start":{"line":33,"column":8},"end":{"line":33,"column":null}},"17":{"start":{"line":36,"column":8},"end":{"line":36,"column":null}},"18":{"start":{"line":36,"column":116},"end":{"line":36,"column":125}},"19":{"start":{"line":39,"column":8},"end":{"line":39,"column":null}},"20":{"start":{"line":42,"column":8},"end":{"line":42,"column":null}},"21":{"start":{"line":42,"column":118},"end":{"line":42,"column":127}},"22":{"start":{"line":45,"column":8},"end":{"line":45,"column":null}},"23":{"start":{"line":48,"column":8},"end":{"line":48,"column":null}},"24":{"start":{"line":48,"column":113},"end":{"line":48,"column":122}},"25":{"start":{"line":51,"column":8},"end":{"line":51,"column":null}},"26":{"start":{"line":8,"column":0},"end":{"line":8,"column":13}}},"fnMap":{"0":{"name":"(anonymous_1)","decl":{"start":{"line":12,"column":4},"end":{"line":12,"column":24}},"loc":{"start":{"line":12,"column":94},"end":{"line":14,"column":5}}},"1":{"name":"(anonymous_2)","decl":{"start":{"line":16,"column":12},"end":{"line":16,"column":23}},"loc":{"start":{"line":16,"column":110},"end":{"line":21,"column":5}}},"2":{"name":"(anonymous_3)","decl":{"start":{"line":17,"column":32},"end":{"line":17,"column":34}},"loc":{"start":{"line":17,"column":37},"end":{"line":19,"column":9}}},"3":{"name":"(anonymous_4)","decl":{"start":{"line":23,"column":4},"end":{"line":23,"column":7}},"loc":{"start":{"line":23,"column":56},"end":{"line":25,"column":5}}},"4":{"name":"(anonymous_5)","decl":{"start":{"line":24,"column":100},"end":{"line":24,"column":101}},"loc":{"start":{"line":24,"column":110},"end":{"line":24,"column":119}}},"5":{"name":"(anonymous_6)","decl":{"start":{"line":26,"column":4},"end":{"line":26,"column":11}},"loc":{"start":{"line":26,"column":60},"end":{"line":28,"column":5}}},"6":{"name":"(anonymous_7)","decl":{"start":{"line":29,"column":4},"end":{"line":29,"column":8}},"loc":{"start":{"line":29,"column":85},"end":{"line":31,"column":5}}},"7":{"name":"(anonymous_8)","decl":{"start":{"line":30,"column":107},"end":{"line":30,"column":108}},"loc":{"start":{"line":30,"column":117},"end":{"line":30,"column":126}}},"8":{"name":"(anonymous_9)","decl":{"start":{"line":32,"column":4},"end":{"line":32,"column":12}},"loc":{"start":{"line":32,"column":89},"end":{"line":34,"column":5}}},"9":{"name":"(anonymous_10)","decl":{"start":{"line":35,"column":4},"end":{"line":35,"column":7}},"loc":{"start":{"line":35,"column":84},"end":{"line":37,"column":5}}},"10":{"name":"(anonymous_11)","decl":{"start":{"line":36,"column":106},"end":{"line":36,"column":107}},"loc":{"start":{"line":36,"column":116},"end":{"line":36,"column":125}}},"11":{"name":"(anonymous_12)","decl":{"start":{"line":38,"column":4},"end":{"line":38,"column":11}},"loc":{"start":{"line":38,"column":88},"end":{"line":40,"column":5}}},"12":{"name":"(anonymous_13)","decl":{"start":{"line":41,"column":4},"end":{"line":41,"column":9}},"loc":{"start":{"line":41,"column":87},"end":{"line":43,"column":5}}},"13":{"name":"(anonymous_14)","decl":{"start":{"line":42,"column":108},"end":{"line":42,"column":109}},"loc":{"start":{"line":42,"column":118},"end":{"line":42,"column":127}}},"14":{"name":"(anonymous_15)","decl":{"start":{"line":44,"column":4},"end":{"line":44,"column":13}},"loc":{"start":{"line":44,"column":91},"end":{"line":46,"column":5}}},"15":{"name":"(anonymous_16)","decl":{"start":{"line":47,"column":4},"end":{"line":47,"column":10}},"loc":{"start":{"line":47,"column":59},"end":{"line":49,"column":5}}},"16":{"name":"(anonymous_17)","decl":{"start":{"line":48,"column":103},"end":{"line":48,"column":104}},"loc":{"start":{"line":48,"column":113},"end":{"line":48,"column":122}}},"17":{"name":"(anonymous_18)","decl":{"start":{"line":50,"column":4},"end":{"line":50,"column":14}},"loc":{"start":{"line":50,"column":63},"end":{"line":52,"column":5}}}},"branchMap":{"0":{"loc":{"start":{"line":12,"column":24},"end":{"line":12,"column":45}},"type":"default-arg","locations":[{"start":{"line":12,"column":43},"end":{"line":12,"column":45}}]},"1":{"loc":{"start":{"line":12,"column":55},"end":{"line":12,"column":94}},"type":"default-arg","locations":[{"start":{"line":12,"column":92},"end":{"line":12,"column":94}}]},"2":{"loc":{"start":{"line":13,"column":8},"end":{"line":13,"column":null}},"type":"if","locations":[{"start":{"line":13,"column":8},"end":{"line":13,"column":null}}]}},"s":{"0":1,"1":1,"2":1,"3":1,"4":1,"5":1,"6":1,"7":0,"8":6,"9":0,"10":6,"11":2,"12":2,"13":0,"14":1,"15":1,"16":0,"17":1,"18":1,"19":0,"20":1,"21":1,"22":0,"23":1,"24":1,"25":0,"26":1},"f":{"0":1,"1":6,"2":0,"3":2,"4":2,"5":0,"6":1,"7":1,"8":0,"9":1,"10":1,"11":0,"12":1,"13":1,"14":0,"15":1,"16":1,"17":0},"b":{"0":[0],"1":[1],"2":[0]}}
,"/Users/h3llf1r3/Programming/clean-architecture/src/lib/interfaces/tests/DataMirror.ts": {"path":"/Users/h3llf1r3/Programming/clean-architecture/src/lib/interfaces/tests/DataMirror.ts","statementMap":{"0":{"start":{"line":1,"column":13},"end":{"line":21,"column":null}}},"fnMap":{},"branchMap":{},"s":{"0":1},"f":{},"b":{}}
,"/Users/h3llf1r3/Programming/clean-architecture/src/mock/User.ts": {"path":"/Users/h3llf1r3/Programming/clean-architecture/src/mock/User.ts","statementMap":{"0":{"start":{"line":3,"column":25},"end":{"line":10,"column":3}},"1":{"start":{"line":4,"column":4},"end":{"line":10,"column":3}},"2":{"start":{"line":5,"column":15},"end":{"line":5,"column":24}},"3":{"start":{"line":6,"column":4},"end":{"line":9,"column":null}},"4":{"start":{"line":3,"column":13},"end":{"line":3,"column":25}},"5":{"start":{"line":12,"column":13},"end":{"line":15,"column":null}}},"fnMap":{"0":{"name":"(anonymous_0)","decl":{"start":{"line":3,"column":25},"end":{"line":3,"column":26}},"loc":{"start":{"line":3,"column":54},"end":{"line":10,"column":3}}},"1":{"name":"(anonymous_1)","decl":{"start":{"line":4,"column":50},"end":{"line":4,"column":51}},"loc":{"start":{"line":4,"column":69},"end":{"line":10,"column":1}}}},"branchMap":{},"s":{"0":1,"1":1,"2":100,"3":100,"4":1,"5":1},"f":{"0":1,"1":100},"b":{}}
}
