TN:
SF:src/lib/DataReflector.ts
FN:34,hasCircular
FN:36,(anonymous_2)
FN:47,reflect
FN:48,(anonymous_4)
FNF:4
FNH:4
FNDA:20028,hasCircular
FNDA:20165,(anonymous_2)
FNDA:16,reflect
FNDA:45,(anonymous_4)
DA:1,1
DA:35,20028
DA:36,20028
DA:37,20165
DA:38,130
DA:39,129
DA:40,129
DA:42,20035
DA:44,20028
DA:47,1
DA:48,16
DA:50,45
DA:51,10
DA:59,35
DA:60,10
DA:62,10
DA:63,0
DA:66,10
DA:73,25
DA:75,25
DA:76,1
DA:79,24
DA:86,1
LF:23
LH:22
BRDA:37,0,0,130
BRDA:37,1,0,20165
BRDA:37,1,1,20165
BRDA:38,2,0,1
BRDA:50,3,0,10
BRDA:59,4,0,10
BRDA:59,5,0,35
BRDA:59,5,1,35
BRDA:59,5,2,17
BRDA:59,5,3,11
BRDA:62,6,0,0
BRDA:62,7,0,10
BRDA:62,7,1,9
BRDA:62,7,2,1
BRDA:75,8,0,1
BRDA:75,9,0,25
BRDA:75,9,1,25
BRDA:75,9,2,25
BRF:18
BRH:17
end_of_record
TN:
SF:src/lib/HttpClient.ts
FN:12,(anonymous_1)
FN:16,(anonymous_2)
FN:17,(anonymous_3)
FN:23,(anonymous_4)
FN:24,(anonymous_5)
FN:26,(anonymous_6)
FN:29,(anonymous_7)
FN:30,(anonymous_8)
FN:32,(anonymous_9)
FN:35,(anonymous_10)
FN:36,(anonymous_11)
FN:38,(anonymous_12)
FN:41,(anonymous_13)
FN:42,(anonymous_14)
FN:44,(anonymous_15)
FN:47,(anonymous_16)
FN:48,(anonymous_17)
FN:50,(anonymous_18)
FNF:18
FNH:12
FNDA:1,(anonymous_1)
FNDA:6,(anonymous_2)
FNDA:0,(anonymous_3)
FNDA:2,(anonymous_4)
FNDA:2,(anonymous_5)
FNDA:0,(anonymous_6)
FNDA:1,(anonymous_7)
FNDA:1,(anonymous_8)
FNDA:0,(anonymous_9)
FNDA:1,(anonymous_10)
FNDA:1,(anonymous_11)
FNDA:0,(anonymous_12)
FNDA:1,(anonymous_13)
FNDA:1,(anonymous_14)
FNDA:0,(anonymous_15)
FNDA:1,(anonymous_16)
FNDA:1,(anonymous_17)
FNDA:0,(anonymous_18)
DA:1,1
DA:4,1
DA:8,1
DA:9,1
DA:10,1
DA:12,1
DA:13,1
DA:17,6
DA:18,0
DA:20,6
DA:24,2
DA:27,0
DA:30,1
DA:33,0
DA:36,1
DA:39,0
DA:42,1
DA:45,0
DA:48,1
DA:51,0
LF:20
LH:14
BRDA:12,0,0,0
BRDA:12,1,0,1
BRDA:13,2,0,0
BRF:3
BRH:1
end_of_record
TN:
SF:src/lib/interfaces/tests/DataMirror.ts
FNF:0
FNH:0
DA:1,1
LF:1
LH:1
BRF:0
BRH:0
end_of_record
TN:
SF:src/mock/User.ts
FN:3,(anonymous_0)
FN:4,(anonymous_1)
FNF:2
FNH:2
FNDA:1,(anonymous_0)
FNDA:100,(anonymous_1)
DA:3,1
DA:4,1
DA:5,100
DA:6,100
DA:12,1
LF:5
LH:5
BRF:0
BRH:0
end_of_record
