TN:
SF:src/lib/DataMirror.ts
FN:41,hasCircular
FN:43,(anonymous_2)
FN:54,reflect
FN:55,(anonymous_4)
FNF:4
FNH:4
FNDA:20028,hasCircular
FNDA:20176,(anonymous_2)
FNDA:16,reflect
FNDA:45,(anonymous_4)
DA:1,1
DA:42,20028
DA:43,20028
DA:44,20176
DA:45,135
DA:46,134
DA:47,134
DA:49,20041
DA:51,20028
DA:54,1
DA:55,16
DA:57,45
DA:58,10
DA:66,35
DA:67,11
DA:69,11
DA:70,0
DA:73,11
DA:80,24
DA:82,24
DA:83,1
DA:86,23
DA:93,1
LF:23
LH:22
BRDA:44,0,0,135
BRDA:44,1,0,20176
BRDA:44,1,1,20175
BRDA:45,2,0,1
BRDA:57,3,0,10
BRDA:66,4,0,11
BRDA:66,5,0,35
BRDA:66,5,1,35
BRDA:66,5,2,18
BRDA:66,5,3,12
BRDA:69,6,0,0
BRDA:69,7,0,11
BRDA:69,7,1,10
BRDA:69,7,2,2
BRDA:82,8,0,1
BRDA:82,9,0,24
BRDA:82,9,1,24
BRDA:82,9,2,24
BRF:18
BRH:17
end_of_record
TN:
SF:src/lib/HttpClient.ts
FN:10,(anonymous_1)
FN:14,(anonymous_2)
FN:15,(anonymous_3)
FN:17,(anonymous_4)
FN:20,(anonymous_5)
FN:21,(anonymous_6)
FN:23,(anonymous_7)
FN:26,(anonymous_8)
FN:27,(anonymous_9)
FN:29,(anonymous_10)
FN:32,(anonymous_11)
FN:33,(anonymous_12)
FN:35,(anonymous_13)
FN:38,(anonymous_14)
FN:39,(anonymous_15)
FN:41,(anonymous_16)
FNF:16
FNH:9
FNDA:1,(anonymous_1)
FNDA:2,(anonymous_2)
FNDA:2,(anonymous_3)
FNDA:0,(anonymous_4)
FNDA:1,(anonymous_5)
FNDA:1,(anonymous_6)
FNDA:0,(anonymous_7)
FNDA:1,(anonymous_8)
FNDA:1,(anonymous_9)
FNDA:0,(anonymous_10)
FNDA:0,(anonymous_11)
FNDA:0,(anonymous_12)
FNDA:0,(anonymous_13)
FNDA:1,(anonymous_14)
FNDA:1,(anonymous_15)
FNDA:0,(anonymous_16)
DA:1,1
DA:4,1
DA:6,1
DA:7,1
DA:8,1
DA:10,1
DA:11,1
DA:15,2
DA:18,0
DA:21,1
DA:24,0
DA:27,1
DA:30,0
DA:33,0
DA:36,0
DA:39,1
DA:42,0
LF:17
LH:11
BRDA:11,0,0,0
BRF:1
BRH:0
end_of_record
TN:
SF:src/lib/interfaces/tests/DataMirror.ts
FNF:0
FNH:0
DA:1,1
LF:1
LH:1
BRF:0
BRH:0
end_of_record
TN:
SF:src/mock/User.ts
FN:3,(anonymous_0)
FN:4,(anonymous_1)
FNF:2
FNH:2
FNDA:1,(anonymous_0)
FNDA:100,(anonymous_1)
DA:3,1
DA:4,1
DA:5,100
DA:6,100
DA:12,1
LF:5
LH:5
BRF:0
BRH:0
end_of_record
